C:\Users\BiaynanealD\AppData\Local\Microsoft\WindowsApps\python3.11.exe "C:/Program Files/JetBrains/PyCharm Community Edition 2023.3.3/plugins/python-ce/helpers/pycharm/_jb_pytest_runner.py" --target CarRegistry_test.py::MyTestCase.test_init_method 
Testing started at 16:58 ...
Launching pytest with arguments CarRegistry_test.py::MyTestCase::test_init_method --no-header --no-summary -q in C:\Users\BiaynanealD\OneDrive - MHR\Documents\Cyber Docs\Apprenticeship\1. Secure Development\Assessment\Carnucopia

============================= test session starts =============================
collecting ... collected 1 item

CarRegistry_test.py::MyTestCase::test_init_method PASSED                 [100%]

============================== 1 passed in 0.03s ==============================

Process finished with exit code 0



--------------------------------

C:\Users\BiaynanealD\AppData\Local\Microsoft\WindowsApps\python3.11.exe "C:/Program Files/JetBrains/PyCharm Community Edition 2023.3.3/plugins/python-ce/helpers/pycharm/_jb_pytest_runner.py" --target CarRegistry_test.py::MyTestCase.test_add_car_method 
Testing started at 16:59 ...
Launching pytest with arguments CarRegistry_test.py::MyTestCase::test_add_car_method --no-header --no-summary -q in C:\Users\BiaynanealD\OneDrive - MHR\Documents\Cyber Docs\Apprenticeship\1. Secure Development\Assessment\Carnucopia

============================= test session starts =============================
collecting ... collected 1 item

CarRegistry_test.py::MyTestCase::test_add_car_method PASSED              [100%]Invalid SIPP Code, setting back to default.
BD61 SLU added to registry


============================== 1 passed in 0.03s ==============================

Process finished with exit code 0


--------------------------------

C:\Users\BiaynanealD\AppData\Local\Microsoft\WindowsApps\python3.11.exe "C:/Program Files/JetBrains/PyCharm Community Edition 2023.3.3/plugins/python-ce/helpers/pycharm/_jb_pytest_runner.py" --target CarRegistry_test.py::MyTestCase.test_remove_car_method 
Testing started at 16:59 ...
Launching pytest with arguments CarRegistry_test.py::MyTestCase::test_remove_car_method --no-header --no-summary -q in C:\Users\BiaynanealD\OneDrive - MHR\Documents\Cyber Docs\Apprenticeship\1. Secure Development\Assessment\Carnucopia

============================= test session starts =============================
collecting ... collected 1 item

CarRegistry_test.py::MyTestCase::test_remove_car_method PASSED           [100%]Invalid SIPP Code, setting back to default.
car BD61 SLU has been removed from registry


============================== 1 passed in 0.02s ==============================

Process finished with exit code 0



-------------------------------------------


C:\Users\BiaynanealD\AppData\Local\Microsoft\WindowsApps\python3.11.exe "C:/Program Files/JetBrains/PyCharm Community Edition 2023.3.3/plugins/python-ce/helpers/pycharm/_jb_pytest_runner.py" --target CarRegistry_test.py::MyTestCase.test_return_car_method 
Testing started at 09:42 ...
Launching pytest with arguments CarRegistry_test.py::MyTestCase::test_return_car_method --no-header --no-summary -q in C:\Users\BiaynanealD\OneDrive - MHR\Documents\Cyber Docs\Apprenticeship\1. Secure Development\Assessment\Carnucopia

============================= test session starts =============================
collecting ... collected 1 item

CarRegistry_test.py::MyTestCase::test_return_car_method PASSED           [100%]Invalid SIPP Code, setting back to default.
 Sorry the car with ID <Car.Car object at 0x00000134B1B8FBD0> is not in the registry


============================== 1 passed in 0.03s ==============================

Process finished with exit code 0


----------------------------------------------


C:\Users\BiaynanealD\AppData\Local\Microsoft\WindowsApps\python3.11.exe "C:/Program Files/JetBrains/PyCharm Community Edition 2023.3.3/plugins/python-ce/helpers/pycharm/_jb_pytest_runner.py" --target CarRegistry_test.py::MyTestCase.test_return_car_to_garage_success_method 
Testing started at 09:21 ...
Launching pytest with arguments CarRegistry_test.py::MyTestCase::test_return_car_to_garage_success_method --no-header --no-summary -q in C:\Users\BiaynanealD\OneDrive - MHR\Documents\Cyber Docs\Apprenticeship\1. Secure Development\Assessment\Carnucopia

============================= test session starts =============================
collecting ... collected 1 item

CarRegistry_test.py::MyTestCase::test_return_car_to_garage_success_method PASSED [100%] Sorry the car with ID <Car.Car object at 0x0000018827E46DD0> is not in the registry


============================== 1 passed in 0.03s ==============================

Process finished with exit code 0


----------------------------------------------


C:\Users\BiaynanealD\AppData\Local\Microsoft\WindowsApps\python3.11.exe "C:/Program Files/JetBrains/PyCharm Community Edition 2023.3.3/plugins/python-ce/helpers/pycharm/_jb_pytest_runner.py" --target CarRegistry_test.py::MyTestCase.test_return_car_not_in_registry_method 
Testing started at 10:14 ...
Launching pytest with arguments CarRegistry_test.py::MyTestCase::test_return_car_not_in_registry_method --no-header --no-summary -q in C:\Users\BiaynanealD\OneDrive - MHR\Documents\Cyber Docs\Apprenticeship\1. Secure Development\Assessment\Carnucopia

============================= test session starts =============================
collecting ... collected 1 item

CarRegistry_test.py::MyTestCase::test_return_car_not_in_registry_method PASSED [100%][]


============================== 1 passed in 0.03s ==============================

Process finished with exit code 0


--------------------------------------



C:\Users\BiaynanealD\AppData\Local\Microsoft\WindowsApps\python3.11.exe "C:/Program Files/JetBrains/PyCharm Community Edition 2023.3.3/plugins/python-ce/helpers/pycharm/_jb_pytest_runner.py" --target CarRegistry_test.py::MyTestCase.test_return_car_not_in_registry_method 
Testing started at 11:09 ...
Launching pytest with arguments CarRegistry_test.py::MyTestCase::test_return_car_not_in_registry_method --no-header --no-summary -q in C:\Users\BiaynanealD\OneDrive - MHR\Documents\Cyber Docs\Apprenticeship\1. Secure Development\Assessment\Carnucopia

============================= test session starts =============================
collecting ... collected 1 item

CarRegistry_test.py::MyTestCase::test_return_car_not_in_registry_method PASSED [100%] Sorry the car with ID of 1 is not in the registry


============================== 1 passed in 0.04s ==============================

Process finished with exit code 0



---------------------------------------------------


C:\Users\BiaynanealD\AppData\Local\Microsoft\WindowsApps\python3.11.exe "C:/Program Files/JetBrains/PyCharm Community Edition 2023.3.3/plugins/python-ce/helpers/pycharm/_jb_pytest_runner.py" --target CarRegistry_test.py::MyTestCase.test_return_car_already_in_registry_method 
Testing started at 11:15 ...
Launching pytest with arguments CarRegistry_test.py::MyTestCase::test_return_car_already_in_registry_method --no-header --no-summary -q in C:\Users\BiaynanealD\OneDrive - MHR\Documents\Cyber Docs\Apprenticeship\1. Secure Development\Assessment\Carnucopia

============================= test session starts =============================
collecting ... collected 1 item

CarRegistry_test.py::MyTestCase::test_return_car_already_in_registry_method 

============================== 1 failed in 0.13s ==============================
FAILED [100%] Sorry the car with ID of BD61 SLU is not in the registry

CarRegistry_test.py:86 (MyTestCase.test_return_car_already_in_registry_method)
self = <CarRegistry_test.MyTestCase testMethod=test_return_car_already_in_registry_method>

    def test_return_car_already_in_registry_method(self):
        # Arrange
        registry = CarRegistry()
        car = Car(
            car_id=1,
            registration_plate="BD61 SLU",
            manufacturer="HONDA",
            model_type="CR-V",
            sipp="SFDR",
            seat_capacity=5,
            width=1780,
            length=4510,
            maximum_speed=130.0,
            mpg=39.0,
            on_hire=True
        )
    
        # Act
        result_message = registry.return_car_to_garage(car.registration_plate)
    
        # Assert
        self.assertIn(str(car.registration_plate), result_message)
>       self.assertIn("already in garage", result_message)
E       AssertionError: 'already in garage' not found in ' Sorry the car with ID ofBD61 SLU is not in the registry'

CarRegistry_test.py:109: AssertionError

Process finished with exit code 1


------------------------------------------------------------------------




